<?xml version="1.0" encoding="UTF-8"?>
<!-- Generated by org.testng.reporters.JUnitReportReporter -->
<testsuite skipped="0" hostname="IN2070121W2" name="com.qa.test.AppLaunchTest" tests="1" failures="0" timestamp="07 Aug 2018 07:52:22 GMT" time="0.385" errors="0">
  <testcase name="test1" time="0.385" classname="com.qa.test.AppLaunchTest"/>
</testsuite> <!-- com.qa.test.AppLaunchTest -->
