<?xml version="1.0" encoding="UTF-8"?>
<!-- Generated by org.testng.reporters.JUnitReportReporter -->
<testsuite skipped="0" hostname="IN2070121W2" name="com.qa.test.SearchProductAndSelectTest" tests="1" failures="0" timestamp="08 Aug 2018 01:09:26 GMT" time="63.529" errors="0">
  <testcase name="productSelction" time="63.529" classname="com.qa.test.SearchProductAndSelectTest"/>
</testsuite> <!-- com.qa.test.SearchProductAndSelectTest -->
